e:\winnat\server\server\release\server.pch
e:\winnat\server\server\release\vc140.pdb
e:\winnat\server\server\release\stdafx.obj
e:\winnat\server\server\release\serverdlg.obj
e:\winnat\server\server\release\server.obj
e:\winnat\server\server\release\p2pactivenodelist..obj
e:\winnat\server\server\release\json_writer.obj
e:\winnat\server\server\release\json_value.obj
e:\winnat\server\server\release\json_reader.obj
e:\winnat\server\server\release\activenodelist.obj
e:\winnat\server\release\server.exe
e:\winnat\server\release\server.ipdb
e:\winnat\server\release\server.iobj
e:\winnat\server\release\server.pdb
e:\winnat\server\server\release\server.res
e:\winnat\server\server\release\server.tlog\cl.command.1.tlog
e:\winnat\server\server\release\server.tlog\cl.read.1.tlog
e:\winnat\server\server\release\server.tlog\cl.write.1.tlog
e:\winnat\server\server\release\server.tlog\link.command.1.tlog
e:\winnat\server\server\release\server.tlog\link.read.1.tlog
e:\winnat\server\server\release\server.tlog\link.write.1.tlog
e:\winnat\server\server\release\server.tlog\rc.command.1.tlog
e:\winnat\server\server\release\server.tlog\rc.read.1.tlog
e:\winnat\server\server\release\server.tlog\rc.write.1.tlog
