e:\winnat\server\server\debug\server.pch
e:\winnat\server\server\debug\vc140.pdb
e:\winnat\server\server\debug\vc140.idb
e:\winnat\server\server\debug\stdafx.obj
e:\winnat\server\server\debug\activenodelist.obj
e:\winnat\server\server\debug\json_reader.obj
e:\winnat\server\server\debug\json_value.obj
e:\winnat\server\server\debug\json_writer.obj
e:\winnat\server\server\debug\server.obj
e:\winnat\server\server\debug\serverdlg.obj
e:\winnat\server\debug\server.ilk
e:\winnat\server\debug\server.exe
e:\winnat\server\debug\server.pdb
e:\winnat\server\server\debug\server.res
e:\winnat\server\server\debug\server.tlog\cl.command.1.tlog
e:\winnat\server\server\debug\server.tlog\cl.read.1.tlog
e:\winnat\server\server\debug\server.tlog\cl.write.1.tlog
e:\winnat\server\server\debug\server.tlog\link.command.1.tlog
e:\winnat\server\server\debug\server.tlog\link.read.1.tlog
e:\winnat\server\server\debug\server.tlog\link.write.1.tlog
e:\winnat\server\server\debug\server.tlog\rc.command.1.tlog
e:\winnat\server\server\debug\server.tlog\rc.read.1.tlog
e:\winnat\server\server\debug\server.tlog\rc.write.1.tlog
